This is pdfTeX, Version 3.141592653-2.6-1.40.25 (MiKTeX 24.1) (preloaded format=pdflatex 2024.9.2)  11 SEP 2024 13:17
entering extended mode
 restricted \write18 enabled.
 %&-line parsing enabled.
**./guia_inst_window.tex
(guia_inst_window.tex
LaTeX2e <2023-11-01> patch level 1
L3 programming layer <2024-01-04>
(C:\Users\Particular\AppData\Local\Programs\MiKTeX\tex/latex/base\article.cls
Document Class: article 2023/05/17 v1.4n Standard LaTeX document class
(C:\Users\Particular\AppData\Local\Programs\MiKTeX\tex/latex/base\size11.clo
File: size11.clo 2023/05/17 v1.4n Standard LaTeX file (size option)
)
\c@part=\count187
\c@section=\count188
\c@subsection=\count189
\c@subsubsection=\count190
\c@paragraph=\count191
\c@subparagraph=\count192
\c@figure=\count193
\c@table=\count194
\abovecaptionskip=\skip48
\belowcaptionskip=\skip49
\bibindent=\dimen140
)
(C:\Users\Particular\AppData\Local\Programs\MiKTeX\tex/latex/base\inputenc.sty
Package: inputenc 2021/02/14 v1.3d Input encoding file
\inpenc@prehook=\toks17
\inpenc@posthook=\toks18
) (C:\Users\Particular\AppData\Local\Programs\MiKTeX\tex/latex/base\fontenc.sty
Package: fontenc 2021/04/29 v2.0v Standard LaTeX package
) (C:\Users\Particular\AppData\Local\Programs\MiKTeX\tex/generic/babel\babel.st
y
Package: babel 2024/01/07 v24.1 The Babel package
\babel@savecnt=\count195
\U@D=\dimen141
\l@unhyphenated=\language79

(C:\Users\Particular\AppData\Local\Programs\MiKTeX\tex/generic/babel\txtbabel.d
ef)
\bbl@readstream=\read2
\bbl@dirlevel=\count196

*************************************
* Local config file bblopts.cfg used
*
(C:\Users\Particular\AppData\Local\Programs\MiKTeX\tex/latex/arabi\bblopts.cfg
File: bblopts.cfg 2005/09/08 v0.1 add Arabic and Farsi to "declared" options of
 babel
)
(C:\Users\Particular\AppData\Local\Programs\MiKTeX\tex/latex/babel-portuges\bra
zilian.ldf
Language: portuges 2021/07/09 v1.2t Portuguese support from the babel system
Package babel Info: Hyphen rules for 'brazilian' set to \l@portuguese
(babel)             (\language56). Reported on input line 111.
Package babel Info: Making " an active character on input line 143.
))
(C:\Users\Particular\AppData\Local\Programs\MiKTeX\tex/generic/babel/locale/pt\
babel-brazilian.tex
Package babel Info: Importing font and identification data for brazilian
(babel)             from babel-pt-BR.ini. Reported on input line 11.
)
(C:\Users\Particular\AppData\Local\Programs\MiKTeX\tex/latex/caption\caption.st
y
Package: caption 2023/08/05 v3.6o Customizing captions (AR)

(C:\Users\Particular\AppData\Local\Programs\MiKTeX\tex/latex/caption\caption3.s
ty
Package: caption3 2023/07/31 v2.4d caption3 kernel (AR)

(C:\Users\Particular\AppData\Local\Programs\MiKTeX\tex/latex/graphics\keyval.st
y
Package: keyval 2022/05/29 v1.15 key=value parser (DPC)
\KV@toks@=\toks19
)
\caption@tempdima=\dimen142
\captionmargin=\dimen143
\caption@leftmargin=\dimen144
\caption@rightmargin=\dimen145
\caption@width=\dimen146
\caption@indent=\dimen147
\caption@parindent=\dimen148
\caption@hangindent=\dimen149
Package caption Info: Standard document class detected.
)
\c@caption@flags=\count197
\c@continuedfloat=\count198
)
(C:\Users\Particular\AppData\Local\Programs\MiKTeX\tex/latex/vhistory\vhistory.
sty
Package: vhistory 

(C:\Users\Particular\AppData\Local\Programs\MiKTeX\tex/latex/carlisle\ltxtable.
sty
Package: ltxtable 2021/06/13 v0.4 longtable/tabularx merge (DPC)

(C:\Users\Particular\AppData\Local\Programs\MiKTeX\tex/latex/tools\tabularx.sty
Package: tabularx 2023/07/08 v2.11c `tabularx' package (DPC)
(C:\Users\Particular\AppData\Local\Programs\MiKTeX\tex/latex/tools\array.sty
Package: array 2023/10/16 v2.5g Tabular extension package (FMi)
\col@sep=\dimen150
\ar@mcellbox=\box51
\extrarowheight=\dimen151
\NC@list=\toks20
\extratabsurround=\skip50
\backup@length=\skip51
\ar@cellbox=\box52
)
\TX@col@width=\dimen152
\TX@old@table=\dimen153
\TX@old@col=\dimen154
\TX@target=\dimen155
\TX@delta=\dimen156
\TX@cols=\count199
\TX@ftn=\toks21
)
(C:\Users\Particular\AppData\Local\Programs\MiKTeX\tex/latex/tools\longtable.st
y
Package: longtable 2023-11-01 v4.19 Multi-page Table package (DPC)
\LTleft=\skip52
\LTright=\skip53
\LTpre=\skip54
\LTpost=\skip55
\LTchunksize=\count266
\LTcapwidth=\dimen157
\LT@head=\box53
\LT@firsthead=\box54
\LT@foot=\box55
\LT@lastfoot=\box56
\LT@gbox=\box57
\LT@cols=\count267
\LT@rows=\count268
\c@LT@tables=\count269
\c@LT@chunks=\count270
\LT@p@ftn=\toks22
))
(C:\Users\Particular\AppData\Local\Programs\MiKTeX\tex/latex/vhistory\sets.sty
Package: sets 
\c@s@tlength=\count271
)
Reading file guia_inst_window.hst...
(guia_inst_window.hst)
\vh@verfile=\write3
)
(C:\Users\Particular\AppData\Local\Programs\MiKTeX\tex/latex/lm\lmodern.sty
Package: lmodern 2015/05/01 v1.6.1 Latin Modern Fonts
LaTeX Font Info:    Overwriting symbol font `operators' in version `normal'
(Font)                  OT1/cmr/m/n --> OT1/lmr/m/n on input line 22.
LaTeX Font Info:    Overwriting symbol font `letters' in version `normal'
(Font)                  OML/cmm/m/it --> OML/lmm/m/it on input line 23.
LaTeX Font Info:    Overwriting symbol font `symbols' in version `normal'
(Font)                  OMS/cmsy/m/n --> OMS/lmsy/m/n on input line 24.
LaTeX Font Info:    Overwriting symbol font `largesymbols' in version `normal'
(Font)                  OMX/cmex/m/n --> OMX/lmex/m/n on input line 25.
LaTeX Font Info:    Overwriting symbol font `operators' in version `bold'
(Font)                  OT1/cmr/bx/n --> OT1/lmr/bx/n on input line 26.
LaTeX Font Info:    Overwriting symbol font `letters' in version `bold'
(Font)                  OML/cmm/b/it --> OML/lmm/b/it on input line 27.
LaTeX Font Info:    Overwriting symbol font `symbols' in version `bold'
(Font)                  OMS/cmsy/b/n --> OMS/lmsy/b/n on input line 28.
LaTeX Font Info:    Overwriting symbol font `largesymbols' in version `bold'
(Font)                  OMX/cmex/m/n --> OMX/lmex/m/n on input line 29.
LaTeX Font Info:    Overwriting math alphabet `\mathbf' in version `normal'
(Font)                  OT1/cmr/bx/n --> OT1/lmr/bx/n on input line 31.
LaTeX Font Info:    Overwriting math alphabet `\mathsf' in version `normal'
(Font)                  OT1/cmss/m/n --> OT1/lmss/m/n on input line 32.
LaTeX Font Info:    Overwriting math alphabet `\mathit' in version `normal'
(Font)                  OT1/cmr/m/it --> OT1/lmr/m/it on input line 33.
LaTeX Font Info:    Overwriting math alphabet `\mathtt' in version `normal'
(Font)                  OT1/cmtt/m/n --> OT1/lmtt/m/n on input line 34.
LaTeX Font Info:    Overwriting math alphabet `\mathbf' in version `bold'
(Font)                  OT1/cmr/bx/n --> OT1/lmr/bx/n on input line 35.
LaTeX Font Info:    Overwriting math alphabet `\mathsf' in version `bold'
(Font)                  OT1/cmss/bx/n --> OT1/lmss/bx/n on input line 36.
LaTeX Font Info:    Overwriting math alphabet `\mathit' in version `bold'
(Font)                  OT1/cmr/bx/it --> OT1/lmr/bx/it on input line 37.
LaTeX Font Info:    Overwriting math alphabet `\mathtt' in version `bold'
(Font)                  OT1/cmtt/m/n --> OT1/lmtt/m/n on input line 38.
)
(C:\Users\Particular\AppData\Local\Programs\MiKTeX\tex/latex/microtype\microtyp
e.sty
Package: microtype 2024/03/29 v3.1b Micro-typographical refinements (RS)

(C:\Users\Particular\AppData\Local\Programs\MiKTeX\tex/latex/etoolbox\etoolbox.
sty
Package: etoolbox 2020/10/05 v2.5k e-TeX tools for LaTeX (JAW)
\etb@tempcnta=\count272
)
\MT@toks=\toks23
\MT@tempbox=\box58
\MT@count=\count273
LaTeX Info: Redefining \noprotrusionifhmode on input line 1061.
LaTeX Info: Redefining \leftprotrusion on input line 1062.
\MT@prot@toks=\toks24
LaTeX Info: Redefining \rightprotrusion on input line 1081.
LaTeX Info: Redefining \textls on input line 1392.
\MT@outer@kern=\dimen158
LaTeX Info: Redefining \textmicrotypecontext on input line 2013.
\MT@listname@count=\count274

(C:\Users\Particular\AppData\Local\Programs\MiKTeX\tex/latex/microtype\microtyp
e-pdftex.def
File: microtype-pdftex.def 2024/03/29 v3.1b Definitions specific to pdftex (RS)

LaTeX Info: Redefining \lsstyle on input line 902.
LaTeX Info: Redefining \lslig on input line 902.
\MT@outer@space=\skip56
)
Package microtype Info: Loading configuration file microtype.cfg.

(C:\Users\Particular\AppData\Local\Programs\MiKTeX\tex/latex/microtype\microtyp
e.cfg
File: microtype.cfg 2024/03/29 v3.1b microtype main configuration file (RS)
))
(C:\Users\Particular\AppData\Local\Programs\MiKTeX\tex/latex/graphics\graphicx.
sty
Package: graphicx 2021/09/16 v1.2d Enhanced LaTeX Graphics (DPC,SPQR)

(C:\Users\Particular\AppData\Local\Programs\MiKTeX\tex/latex/graphics\graphics.
sty
Package: graphics 2022/03/10 v1.4e Standard LaTeX Graphics (DPC,SPQR)

(C:\Users\Particular\AppData\Local\Programs\MiKTeX\tex/latex/graphics\trig.sty
Package: trig 2021/08/11 v1.11 sin cos tan (DPC)
)
(C:\Users\Particular\AppData\Local\Programs\MiKTeX\tex/latex/graphics-cfg\graph
ics.cfg
File: graphics.cfg 2016/06/04 v1.11 sample graphics configuration
)
Package graphics Info: Driver file: pdftex.def on input line 107.

(C:\Users\Particular\AppData\Local\Programs\MiKTeX\tex/latex/graphics-def\pdfte
x.def
File: pdftex.def 2022/09/22 v1.2b Graphics/color driver for pdftex
))
\Gin@req@height=\dimen159
\Gin@req@width=\dimen160
)
(C:\Users\Particular\AppData\Local\Programs\MiKTeX\tex/latex/enumitem\enumitem.
sty
Package: enumitem 2019/06/20 v3.9 Customized lists
\labelindent=\skip57
\enit@outerparindent=\dimen161
\enit@toks=\toks25
\enit@inbox=\box59
\enit@count@id=\count275
\enitdp@description=\count276
)
(C:\Users\Particular\AppData\Local\Programs\MiKTeX\tex/latex/listings\listings.
sty
\lst@mode=\count277
\lst@gtempboxa=\box60
\lst@token=\toks26
\lst@length=\count278
\lst@currlwidth=\dimen162
\lst@column=\count279
\lst@pos=\count280
\lst@lostspace=\dimen163
\lst@width=\dimen164
\lst@newlines=\count281
\lst@lineno=\count282
\lst@maxwidth=\dimen165

(C:\Users\Particular\AppData\Local\Programs\MiKTeX\tex/latex/listings\lstmisc.s
ty
File: lstmisc.sty 2023/02/27 1.9 (Carsten Heinz)
\c@lstnumber=\count283
\lst@skipnumbers=\count284
\lst@framebox=\box61
)
(C:\Users\Particular\AppData\Local\Programs\MiKTeX\tex/latex/listings\listings.
cfg
File: listings.cfg 2023/02/27 1.9 listings configuration
))
Package: listings 2023/02/27 1.9 (Carsten Heinz)

(C:\Users\Particular\AppData\Local\Programs\MiKTeX\tex/latex/xcolor\xcolor.sty
Package: xcolor 2023/11/15 v3.01 LaTeX color extensions (UK)

(C:\Users\Particular\AppData\Local\Programs\MiKTeX\tex/latex/graphics-cfg\color
.cfg
File: color.cfg 2016/01/02 v1.6 sample color configuration
)
Package xcolor Info: Driver file: pdftex.def on input line 274.

(C:\Users\Particular\AppData\Local\Programs\MiKTeX\tex/latex/graphics\mathcolor
.ltx)
Package xcolor Info: Model `cmy' substituted by `cmy0' on input line 1350.
Package xcolor Info: Model `hsb' substituted by `rgb' on input line 1354.
Package xcolor Info: Model `RGB' extended on input line 1366.
Package xcolor Info: Model `HTML' substituted by `rgb' on input line 1368.
Package xcolor Info: Model `Hsb' substituted by `hsb' on input line 1369.
Package xcolor Info: Model `tHsb' substituted by `hsb' on input line 1370.
Package xcolor Info: Model `HSB' substituted by `hsb' on input line 1371.
Package xcolor Info: Model `Gray' substituted by `gray' on input line 1372.
Package xcolor Info: Model `wave' substituted by `hsb' on input line 1373.
)
(C:\Users\Particular\AppData\Local\Programs\MiKTeX\tex/latex/float\float.sty
Package: float 2001/11/08 v1.3d Float enhancements (AL)
\c@float@type=\count285
\float@exts=\toks27
\float@box=\box62
\@float@everytoks=\toks28
\@floatcapt=\box63
)
(C:\Users\Particular\AppData\Local\Programs\MiKTeX\tex/latex/menukeys\menukeys.
sty
Package: menukeys 2022/07/01 v1.6.2 -- A package to format menus, paths and sho
rtcuts

(C:\Users\Particular\AppData\Local\Programs\MiKTeX\tex/latex/l3packages/xparse\
xparse.sty
(C:\Users\Particular\AppData\Local\Programs\MiKTeX\tex/latex/l3kernel\expl3.sty
Package: expl3 2024-01-04 L3 programming layer (loader) 

(C:\Users\Particular\AppData\Local\Programs\MiKTeX\tex/latex/l3backend\l3backen
d-pdftex.def
File: l3backend-pdftex.def 2024-01-04 L3 backend support: PDF output (pdfTeX)
\l__color_backend_stack_int=\count286
\l__pdf_internal_box=\box64
))
Package: xparse 2023-10-10 L3 Experimental document command parser
)
(C:\Users\Particular\AppData\Local\Programs\MiKTeX\tex/latex/xstring\xstring.st
y
(C:\Users\Particular\AppData\Local\Programs\MiKTeX\tex/generic/xstring\xstring.
tex
\xs_counta=\count287
\xs_countb=\count288
)
Package: xstring 2023/08/22 v1.86 String manipulations (CT)
)
(C:\Users\Particular\AppData\Local\Programs\MiKTeX\tex/latex/pgf/frontendlayer\
tikz.sty
(C:\Users\Particular\AppData\Local\Programs\MiKTeX\tex/latex/pgf/basiclayer\pgf
.sty
(C:\Users\Particular\AppData\Local\Programs\MiKTeX\tex/latex/pgf/utilities\pgfr
cs.sty
(C:\Users\Particular\AppData\Local\Programs\MiKTeX\tex/generic/pgf/utilities\pg
futil-common.tex
\pgfutil@everybye=\toks29
\pgfutil@tempdima=\dimen166
\pgfutil@tempdimb=\dimen167
)
(C:\Users\Particular\AppData\Local\Programs\MiKTeX\tex/generic/pgf/utilities\pg
futil-latex.def
\pgfutil@abb=\box65
)
(C:\Users\Particular\AppData\Local\Programs\MiKTeX\tex/generic/pgf/utilities\pg
frcs.code.tex
(C:\Users\Particular\AppData\Local\Programs\MiKTeX\tex/generic/pgf\pgf.revision
.tex)
Package: pgfrcs 2023-01-15 v3.1.10 (3.1.10)
))
Package: pgf 2023-01-15 v3.1.10 (3.1.10)

(C:\Users\Particular\AppData\Local\Programs\MiKTeX\tex/latex/pgf/basiclayer\pgf
core.sty
(C:\Users\Particular\AppData\Local\Programs\MiKTeX\tex/latex/pgf/systemlayer\pg
fsys.sty
(C:\Users\Particular\AppData\Local\Programs\MiKTeX\tex/generic/pgf/systemlayer\
pgfsys.code.tex
Package: pgfsys 2023-01-15 v3.1.10 (3.1.10)

(C:\Users\Particular\AppData\Local\Programs\MiKTeX\tex/generic/pgf/utilities\pg
fkeys.code.tex
\pgfkeys@pathtoks=\toks30
\pgfkeys@temptoks=\toks31

(C:\Users\Particular\AppData\Local\Programs\MiKTeX\tex/generic/pgf/utilities\pg
fkeyslibraryfiltered.code.tex
\pgfkeys@tmptoks=\toks32
))
\pgf@x=\dimen168
\pgf@y=\dimen169
\pgf@xa=\dimen170
\pgf@ya=\dimen171
\pgf@xb=\dimen172
\pgf@yb=\dimen173
\pgf@xc=\dimen174
\pgf@yc=\dimen175
\pgf@xd=\dimen176
\pgf@yd=\dimen177
\w@pgf@writea=\write4
\r@pgf@reada=\read3
\c@pgf@counta=\count289
\c@pgf@countb=\count290
\c@pgf@countc=\count291
\c@pgf@countd=\count292
\t@pgf@toka=\toks33
\t@pgf@tokb=\toks34
\t@pgf@tokc=\toks35
\pgf@sys@id@count=\count293

(C:\Users\Particular\AppData\Local\Programs\MiKTeX\tex/generic/pgf/systemlayer\
pgf.cfg
File: pgf.cfg 2023-01-15 v3.1.10 (3.1.10)
)
Driver file for pgf: pgfsys-pdftex.def

(C:\Users\Particular\AppData\Local\Programs\MiKTeX\tex/generic/pgf/systemlayer\
pgfsys-pdftex.def
File: pgfsys-pdftex.def 2023-01-15 v3.1.10 (3.1.10)

(C:\Users\Particular\AppData\Local\Programs\MiKTeX\tex/generic/pgf/systemlayer\
pgfsys-common-pdf.def
File: pgfsys-common-pdf.def 2023-01-15 v3.1.10 (3.1.10)
)))
(C:\Users\Particular\AppData\Local\Programs\MiKTeX\tex/generic/pgf/systemlayer\
pgfsyssoftpath.code.tex
File: pgfsyssoftpath.code.tex 2023-01-15 v3.1.10 (3.1.10)
\pgfsyssoftpath@smallbuffer@items=\count294
\pgfsyssoftpath@bigbuffer@items=\count295
)
(C:\Users\Particular\AppData\Local\Programs\MiKTeX\tex/generic/pgf/systemlayer\
pgfsysprotocol.code.tex
File: pgfsysprotocol.code.tex 2023-01-15 v3.1.10 (3.1.10)
))
(C:\Users\Particular\AppData\Local\Programs\MiKTeX\tex/generic/pgf/basiclayer\p
gfcore.code.tex
Package: pgfcore 2023-01-15 v3.1.10 (3.1.10)

(C:\Users\Particular\AppData\Local\Programs\MiKTeX\tex/generic/pgf/math\pgfmath
.code.tex
(C:\Users\Particular\AppData\Local\Programs\MiKTeX\tex/generic/pgf/math\pgfmath
util.code.tex)
(C:\Users\Particular\AppData\Local\Programs\MiKTeX\tex/generic/pgf/math\pgfmath
parser.code.tex
\pgfmath@dimen=\dimen178
\pgfmath@count=\count296
\pgfmath@box=\box66
\pgfmath@toks=\toks36
\pgfmath@stack@operand=\toks37
\pgfmath@stack@operation=\toks38
)
(C:\Users\Particular\AppData\Local\Programs\MiKTeX\tex/generic/pgf/math\pgfmath
functions.code.tex)
(C:\Users\Particular\AppData\Local\Programs\MiKTeX\tex/generic/pgf/math\pgfmath
functions.basic.code.tex)
(C:\Users\Particular\AppData\Local\Programs\MiKTeX\tex/generic/pgf/math\pgfmath
functions.trigonometric.code.tex)
(C:\Users\Particular\AppData\Local\Programs\MiKTeX\tex/generic/pgf/math\pgfmath
functions.random.code.tex)
(C:\Users\Particular\AppData\Local\Programs\MiKTeX\tex/generic/pgf/math\pgfmath
functions.comparison.code.tex)
(C:\Users\Particular\AppData\Local\Programs\MiKTeX\tex/generic/pgf/math\pgfmath
functions.base.code.tex)
(C:\Users\Particular\AppData\Local\Programs\MiKTeX\tex/generic/pgf/math\pgfmath
functions.round.code.tex)
(C:\Users\Particular\AppData\Local\Programs\MiKTeX\tex/generic/pgf/math\pgfmath
functions.misc.code.tex)
(C:\Users\Particular\AppData\Local\Programs\MiKTeX\tex/generic/pgf/math\pgfmath
functions.integerarithmetics.code.tex)
(C:\Users\Particular\AppData\Local\Programs\MiKTeX\tex/generic/pgf/math\pgfmath
calc.code.tex)
(C:\Users\Particular\AppData\Local\Programs\MiKTeX\tex/generic/pgf/math\pgfmath
float.code.tex
\c@pgfmathroundto@lastzeros=\count297
))
(C:\Users\Particular\AppData\Local\Programs\MiKTeX\tex/generic/pgf/math\pgfint.
code.tex)
(C:\Users\Particular\AppData\Local\Programs\MiKTeX\tex/generic/pgf/basiclayer\p
gfcorepoints.code.tex
File: pgfcorepoints.code.tex 2023-01-15 v3.1.10 (3.1.10)
\pgf@picminx=\dimen179
\pgf@picmaxx=\dimen180
\pgf@picminy=\dimen181
\pgf@picmaxy=\dimen182
\pgf@pathminx=\dimen183
\pgf@pathmaxx=\dimen184
\pgf@pathminy=\dimen185
\pgf@pathmaxy=\dimen186
\pgf@xx=\dimen187
\pgf@xy=\dimen188
\pgf@yx=\dimen189
\pgf@yy=\dimen190
\pgf@zx=\dimen191
\pgf@zy=\dimen192
)
(C:\Users\Particular\AppData\Local\Programs\MiKTeX\tex/generic/pgf/basiclayer\p
gfcorepathconstruct.code.tex
File: pgfcorepathconstruct.code.tex 2023-01-15 v3.1.10 (3.1.10)
\pgf@path@lastx=\dimen193
\pgf@path@lasty=\dimen194
)
(C:\Users\Particular\AppData\Local\Programs\MiKTeX\tex/generic/pgf/basiclayer\p
gfcorepathusage.code.tex
File: pgfcorepathusage.code.tex 2023-01-15 v3.1.10 (3.1.10)
\pgf@shorten@end@additional=\dimen195
\pgf@shorten@start@additional=\dimen196
)
(C:\Users\Particular\AppData\Local\Programs\MiKTeX\tex/generic/pgf/basiclayer\p
gfcorescopes.code.tex
File: pgfcorescopes.code.tex 2023-01-15 v3.1.10 (3.1.10)
\pgfpic=\box67
\pgf@hbox=\box68
\pgf@layerbox@main=\box69
\pgf@picture@serial@count=\count298
)
(C:\Users\Particular\AppData\Local\Programs\MiKTeX\tex/generic/pgf/basiclayer\p
gfcoregraphicstate.code.tex
File: pgfcoregraphicstate.code.tex 2023-01-15 v3.1.10 (3.1.10)
\pgflinewidth=\dimen197
)
(C:\Users\Particular\AppData\Local\Programs\MiKTeX\tex/generic/pgf/basiclayer\p
gfcoretransformations.code.tex
File: pgfcoretransformations.code.tex 2023-01-15 v3.1.10 (3.1.10)
\pgf@pt@x=\dimen198
\pgf@pt@y=\dimen199
\pgf@pt@temp=\dimen256
)
(C:\Users\Particular\AppData\Local\Programs\MiKTeX\tex/generic/pgf/basiclayer\p
gfcorequick.code.tex
File: pgfcorequick.code.tex 2023-01-15 v3.1.10 (3.1.10)
)
(C:\Users\Particular\AppData\Local\Programs\MiKTeX\tex/generic/pgf/basiclayer\p
gfcoreobjects.code.tex
File: pgfcoreobjects.code.tex 2023-01-15 v3.1.10 (3.1.10)
)
(C:\Users\Particular\AppData\Local\Programs\MiKTeX\tex/generic/pgf/basiclayer\p
gfcorepathprocessing.code.tex
File: pgfcorepathprocessing.code.tex 2023-01-15 v3.1.10 (3.1.10)
)
(C:\Users\Particular\AppData\Local\Programs\MiKTeX\tex/generic/pgf/basiclayer\p
gfcorearrows.code.tex
File: pgfcorearrows.code.tex 2023-01-15 v3.1.10 (3.1.10)
\pgfarrowsep=\dimen257
)
(C:\Users\Particular\AppData\Local\Programs\MiKTeX\tex/generic/pgf/basiclayer\p
gfcoreshade.code.tex
File: pgfcoreshade.code.tex 2023-01-15 v3.1.10 (3.1.10)
\pgf@max=\dimen258
\pgf@sys@shading@range@num=\count299
\pgf@shadingcount=\count300
)
(C:\Users\Particular\AppData\Local\Programs\MiKTeX\tex/generic/pgf/basiclayer\p
gfcoreimage.code.tex
File: pgfcoreimage.code.tex 2023-01-15 v3.1.10 (3.1.10)
)
(C:\Users\Particular\AppData\Local\Programs\MiKTeX\tex/generic/pgf/basiclayer\p
gfcoreexternal.code.tex
File: pgfcoreexternal.code.tex 2023-01-15 v3.1.10 (3.1.10)
\pgfexternal@startupbox=\box70
)
(C:\Users\Particular\AppData\Local\Programs\MiKTeX\tex/generic/pgf/basiclayer\p
gfcorelayers.code.tex
File: pgfcorelayers.code.tex 2023-01-15 v3.1.10 (3.1.10)
)
(C:\Users\Particular\AppData\Local\Programs\MiKTeX\tex/generic/pgf/basiclayer\p
gfcoretransparency.code.tex
File: pgfcoretransparency.code.tex 2023-01-15 v3.1.10 (3.1.10)
)
(C:\Users\Particular\AppData\Local\Programs\MiKTeX\tex/generic/pgf/basiclayer\p
gfcorepatterns.code.tex
File: pgfcorepatterns.code.tex 2023-01-15 v3.1.10 (3.1.10)
)
(C:\Users\Particular\AppData\Local\Programs\MiKTeX\tex/generic/pgf/basiclayer\p
gfcorerdf.code.tex
File: pgfcorerdf.code.tex 2023-01-15 v3.1.10 (3.1.10)
)))
(C:\Users\Particular\AppData\Local\Programs\MiKTeX\tex/generic/pgf/modules\pgfm
oduleshapes.code.tex
File: pgfmoduleshapes.code.tex 2023-01-15 v3.1.10 (3.1.10)
\pgfnodeparttextbox=\box71
)
(C:\Users\Particular\AppData\Local\Programs\MiKTeX\tex/generic/pgf/modules\pgfm
oduleplot.code.tex
File: pgfmoduleplot.code.tex 2023-01-15 v3.1.10 (3.1.10)
)
(C:\Users\Particular\AppData\Local\Programs\MiKTeX\tex/latex/pgf/compatibility\
pgfcomp-version-0-65.sty
Package: pgfcomp-version-0-65 2023-01-15 v3.1.10 (3.1.10)
\pgf@nodesepstart=\dimen259
\pgf@nodesepend=\dimen260
)
(C:\Users\Particular\AppData\Local\Programs\MiKTeX\tex/latex/pgf/compatibility\
pgfcomp-version-1-18.sty
Package: pgfcomp-version-1-18 2023-01-15 v3.1.10 (3.1.10)
))
(C:\Users\Particular\AppData\Local\Programs\MiKTeX\tex/latex/pgf/utilities\pgff
or.sty
(C:\Users\Particular\AppData\Local\Programs\MiKTeX\tex/latex/pgf/utilities\pgfk
eys.sty
(C:\Users\Particular\AppData\Local\Programs\MiKTeX\tex/generic/pgf/utilities\pg
fkeys.code.tex))
(C:\Users\Particular\AppData\Local\Programs\MiKTeX\tex/latex/pgf/math\pgfmath.s
ty
(C:\Users\Particular\AppData\Local\Programs\MiKTeX\tex/generic/pgf/math\pgfmath
.code.tex))
(C:\Users\Particular\AppData\Local\Programs\MiKTeX\tex/generic/pgf/utilities\pg
ffor.code.tex
Package: pgffor 2023-01-15 v3.1.10 (3.1.10)
\pgffor@iter=\dimen261
\pgffor@skip=\dimen262
\pgffor@stack=\toks39
\pgffor@toks=\toks40
))
(C:\Users\Particular\AppData\Local\Programs\MiKTeX\tex/generic/pgf/frontendlaye
r/tikz\tikz.code.tex
Package: tikz 2023-01-15 v3.1.10 (3.1.10)

(C:\Users\Particular\AppData\Local\Programs\MiKTeX\tex/generic/pgf/libraries\pg
flibraryplothandlers.code.tex
File: pgflibraryplothandlers.code.tex 2023-01-15 v3.1.10 (3.1.10)
\pgf@plot@mark@count=\count301
\pgfplotmarksize=\dimen263
)
\tikz@lastx=\dimen264
\tikz@lasty=\dimen265
\tikz@lastxsaved=\dimen266
\tikz@lastysaved=\dimen267
\tikz@lastmovetox=\dimen268
\tikz@lastmovetoy=\dimen269
\tikzleveldistance=\dimen270
\tikzsiblingdistance=\dimen271
\tikz@figbox=\box72
\tikz@figbox@bg=\box73
\tikz@tempbox=\box74
\tikz@tempbox@bg=\box75
\tikztreelevel=\count302
\tikznumberofchildren=\count303
\tikznumberofcurrentchild=\count304
\tikz@fig@count=\count305

(C:\Users\Particular\AppData\Local\Programs\MiKTeX\tex/generic/pgf/modules\pgfm
odulematrix.code.tex
File: pgfmodulematrix.code.tex 2023-01-15 v3.1.10 (3.1.10)
\pgfmatrixcurrentrow=\count306
\pgfmatrixcurrentcolumn=\count307
\pgf@matrix@numberofcolumns=\count308
)
\tikz@expandcount=\count309

(C:\Users\Particular\AppData\Local\Programs\MiKTeX\tex/generic/pgf/frontendlaye
r/tikz/libraries\tikzlibrarytopaths.code.tex
File: tikzlibrarytopaths.code.tex 2023-01-15 v3.1.10 (3.1.10)
)))
(C:\Users\Particular\AppData\Local\Programs\MiKTeX\tex/generic/pgf/frontendlaye
r/tikz/libraries\tikzlibrarycalc.code.tex
File: tikzlibrarycalc.code.tex 2023-01-15 v3.1.10 (3.1.10)
)
(C:\Users\Particular\AppData\Local\Programs\MiKTeX\tex/generic/pgf/frontendlaye
r/tikz/libraries\tikzlibraryshapes.symbols.code.tex
File: tikzlibraryshapes.symbols.code.tex 2023-01-15 v3.1.10 (3.1.10)

(C:\Users\Particular\AppData\Local\Programs\MiKTeX\tex/generic/pgf/libraries/sh
apes\pgflibraryshapes.symbols.code.tex
File: pgflibraryshapes.symbols.code.tex 2023-01-15 v3.1.10 (3.1.10)
))
(C:\Users\Particular\AppData\Local\Programs\MiKTeX\tex/generic/pgf/frontendlaye
r/tikz/libraries\tikzlibraryshadows.code.tex
File: tikzlibraryshadows.code.tex 2023-01-15 v3.1.10 (3.1.10)

(C:\Users\Particular\AppData\Local\Programs\MiKTeX\tex/generic/pgf/frontendlaye
r/tikz/libraries\tikzlibraryfadings.code.tex
File: tikzlibraryfadings.code.tex 2023-01-15 v3.1.10 (3.1.10)

(C:\Users\Particular\AppData\Local\Programs\MiKTeX\tex/generic/pgf/libraries\pg
flibraryfadings.code.tex
File: pgflibraryfadings.code.tex 2023-01-15 v3.1.10 (3.1.10)
)))
(C:\Users\Particular\AppData\Local\Programs\MiKTeX\tex/latex/adjustbox\adjustbo
x.sty
Package: adjustbox 2022/10/17 v1.3a Adjusting TeX boxes (trim, clip, ...)

(C:\Users\Particular\AppData\Local\Programs\MiKTeX\tex/latex/xkeyval\xkeyval.st
y
Package: xkeyval 2022/06/16 v2.9 package option processing (HA)

(C:\Users\Particular\AppData\Local\Programs\MiKTeX\tex/generic/xkeyval\xkeyval.
tex
(C:\Users\Particular\AppData\Local\Programs\MiKTeX\tex/generic/xkeyval\xkvutils
.tex
\XKV@toks=\toks41
\XKV@tempa@toks=\toks42
)
\XKV@depth=\count310
File: xkeyval.tex 2014/12/03 v2.7a key=value parser (HA)
))
(C:\Users\Particular\AppData\Local\Programs\MiKTeX\tex/latex/adjustbox\adjcalc.
sty
Package: adjcalc 2012/05/16 v1.1 Provides advanced setlength with multiple back
-ends (calc, etex, pgfmath)
)
(C:\Users\Particular\AppData\Local\Programs\MiKTeX\tex/latex/adjustbox\trimclip
.sty
Package: trimclip 2020/08/19 v1.2 Trim and clip general TeX material

(C:\Users\Particular\AppData\Local\Programs\MiKTeX\tex/latex/collectbox\collect
box.sty
Package: collectbox 2022/10/17 v0.4c Collect macro arguments as boxes
\collectedbox=\box76
)
\tc@llx=\dimen272
\tc@lly=\dimen273
\tc@urx=\dimen274
\tc@ury=\dimen275
Package trimclip Info: Using driver 'tc-pdftex.def'.

(C:\Users\Particular\AppData\Local\Programs\MiKTeX\tex/latex/adjustbox\tc-pdfte
x.def
File: tc-pdftex.def 2019/01/04 v2.2 Clipping driver for pdftex
))
\adjbox@Width=\dimen276
\adjbox@Height=\dimen277
\adjbox@Depth=\dimen278
\adjbox@Totalheight=\dimen279
\adjbox@pwidth=\dimen280
\adjbox@pheight=\dimen281
\adjbox@pdepth=\dimen282
\adjbox@ptotalheight=\dimen283

(C:\Users\Particular\AppData\Local\Programs\MiKTeX\tex/latex/ifoddpage\ifoddpag
e.sty
Package: ifoddpage 2022/10/18 v1.2 Conditionals for odd/even page detection
\c@checkoddpage=\count311
)
(C:\Users\Particular\AppData\Local\Programs\MiKTeX\tex/latex/varwidth\varwidth.
sty
Package: varwidth 2009/03/30 ver 0.92;  Variable-width minipages
\@vwid@box=\box77
\sift@deathcycles=\count312
\@vwid@loff=\dimen284
\@vwid@roff=\dimen285
))
(C:\Users\Particular\AppData\Local\Programs\MiKTeX\tex/latex/relsize\relsize.st
y
Package: relsize 2013/03/29 ver 4.1
)
\l__twmk_indris_int=\count313

(C:\Users\Particular\AppData\Local\Programs\MiKTeX\tex/latex/kvoptions\kvoption
s.sty
Package: kvoptions 2022-06-15 v3.15 Key value format for package options (HO)

(C:\Users\Particular\AppData\Local\Programs\MiKTeX\tex/generic/ltxcmds\ltxcmds.
sty
Package: ltxcmds 2023-12-04 v1.26 LaTeX kernel commands for general use (HO)
)
(C:\Users\Particular\AppData\Local\Programs\MiKTeX\tex/latex/kvsetkeys\kvsetkey
s.sty
Package: kvsetkeys 2022-10-05 v1.19 Key value parser (HO)
))
\c@tw@hyphen@char@num=\count314
)
(C:\Users\Particular\AppData\Local\Programs\MiKTeX\tex/latex/framed\framed.sty
Package: framed 2011/10/22 v 0.96: framed or shaded text with page breaks
\OuterFrameSep=\skip58
\fb@frw=\dimen286
\fb@frh=\dimen287
\FrameRule=\dimen288
\FrameSep=\dimen289
)
(C:\Users\Particular\AppData\Local\Programs\MiKTeX\tex/generic/pgf/frontendlaye
r/tikz/libraries\tikzlibrarychains.code.tex
File: tikzlibrarychains.code.tex 2023-01-15 v3.1.10 (3.1.10)

(C:\Users\Particular\AppData\Local\Programs\MiKTeX\tex/generic/pgf/frontendlaye
r/tikz/libraries\tikzlibrarypositioning.code.tex
File: tikzlibrarypositioning.code.tex 2023-01-15 v3.1.10 (3.1.10)
))
(C:\Users\Particular\AppData\Local\Programs\MiKTeX\tex/generic/pgf/frontendlaye
r/tikz/libraries\tikzlibraryarrows.code.tex
File: tikzlibraryarrows.code.tex 2023-01-15 v3.1.10 (3.1.10)

(C:\Users\Particular\AppData\Local\Programs\MiKTeX\tex/generic/pgf/libraries\pg
flibraryarrows.code.tex
File: pgflibraryarrows.code.tex 2023-01-15 v3.1.10 (3.1.10)
\arrowsize=\dimen290
))
(C:\Users\Particular\AppData\Local\Programs\MiKTeX\tex/generic/pgf/frontendlaye
r/tikz/libraries\tikzlibraryshapes.code.tex
File: tikzlibraryshapes.code.tex 2023-01-15 v3.1.10 (3.1.10)

(C:\Users\Particular\AppData\Local\Programs\MiKTeX\tex/generic/pgf/frontendlaye
r/tikz/libraries\tikzlibraryshapes.geometric.code.tex
File: tikzlibraryshapes.geometric.code.tex 2023-01-15 v3.1.10 (3.1.10)

(C:\Users\Particular\AppData\Local\Programs\MiKTeX\tex/generic/pgf/libraries/sh
apes\pgflibraryshapes.geometric.code.tex
File: pgflibraryshapes.geometric.code.tex 2023-01-15 v3.1.10 (3.1.10)
))
(C:\Users\Particular\AppData\Local\Programs\MiKTeX\tex/generic/pgf/frontendlaye
r/tikz/libraries\tikzlibraryshapes.misc.code.tex
File: tikzlibraryshapes.misc.code.tex 2023-01-15 v3.1.10 (3.1.10)

(C:\Users\Particular\AppData\Local\Programs\MiKTeX\tex/generic/pgf/libraries/sh
apes\pgflibraryshapes.misc.code.tex
File: pgflibraryshapes.misc.code.tex 2023-01-15 v3.1.10 (3.1.10)
))
(C:\Users\Particular\AppData\Local\Programs\MiKTeX\tex/generic/pgf/frontendlaye
r/tikz/libraries\tikzlibraryshapes.arrows.code.tex
File: tikzlibraryshapes.arrows.code.tex 2023-01-15 v3.1.10 (3.1.10)

(C:\Users\Particular\AppData\Local\Programs\MiKTeX\tex/generic/pgf/libraries/sh
apes\pgflibraryshapes.arrows.code.tex
File: pgflibraryshapes.arrows.code.tex 2023-01-15 v3.1.10 (3.1.10)
))
(C:\Users\Particular\AppData\Local\Programs\MiKTeX\tex/generic/pgf/frontendlaye
r/tikz/libraries\tikzlibraryshapes.callouts.code.tex
(C:\Users\Particular\AppData\Local\Programs\MiKTeX\tex/generic/pgf/libraries/sh
apes\pgflibraryshapes.callouts.code.tex))
(C:\Users\Particular\AppData\Local\Programs\MiKTeX\tex/generic/pgf/frontendlaye
r/tikz/libraries\tikzlibraryshapes.multipart.code.tex
File: tikzlibraryshapes.multipart.code.tex 2023-01-15 v3.1.10 (3.1.10)

(C:\Users\Particular\AppData\Local\Programs\MiKTeX\tex/generic/pgf/libraries/sh
apes\pgflibraryshapes.multipart.code.tex
File: pgflibraryshapes.multipart.code.tex 2023-01-15 v3.1.10 (3.1.10)
\pgfnodepartlowerbox=\box78
\pgfnodeparttwobox=\box79
\pgfnodepartthreebox=\box80
\pgfnodepartfourbox=\box81
\pgfnodeparttwentybox=\box82
\pgfnodepartnineteenbox=\box83
\pgfnodeparteighteenbox=\box84
\pgfnodepartseventeenbox=\box85
\pgfnodepartsixteenbox=\box86
\pgfnodepartfifteenbox=\box87
\pgfnodepartfourteenbox=\box88
\pgfnodepartthirteenbox=\box89
\pgfnodeparttwelvebox=\box90
\pgfnodepartelevenbox=\box91
\pgfnodeparttenbox=\box92
\pgfnodepartninebox=\box93
\pgfnodeparteightbox=\box94
\pgfnodepartsevenbox=\box95
\pgfnodepartsixbox=\box96
\pgfnodepartfivebox=\box97
)))
(C:\Users\Particular\AppData\Local\Programs\MiKTeX\tex/latex/url\url.sty
\Urlmuskip=\muskip16
Package: url 2013/09/16  ver 3.4  Verb mode for urls, etc.
)
(C:\Users\Particular\AppData\Local\Programs\MiKTeX\tex/latex/hyperref\hyperref.
sty
Package: hyperref 2023-11-26 v7.01g Hypertext links for LaTeX

(C:\Users\Particular\AppData\Local\Programs\MiKTeX\tex/generic/iftex\iftex.sty
Package: iftex 2022/02/03 v1.0f TeX engine tests
)
(C:\Users\Particular\AppData\Local\Programs\MiKTeX\tex/generic/infwarerr\infwar
err.sty
Package: infwarerr 2019/12/03 v1.5 Providing info/warning/error messages (HO)
)
(C:\Users\Particular\AppData\Local\Programs\MiKTeX\tex/generic/kvdefinekeys\kvd
efinekeys.sty
Package: kvdefinekeys 2019-12-19 v1.6 Define keys (HO)
)
(C:\Users\Particular\AppData\Local\Programs\MiKTeX\tex/generic/pdfescape\pdfesc
ape.sty
Package: pdfescape 2019/12/09 v1.15 Implements pdfTeX's escape features (HO)

(C:\Users\Particular\AppData\Local\Programs\MiKTeX\tex/generic/pdftexcmds\pdfte
xcmds.sty
Package: pdftexcmds 2020-06-27 v0.33 Utility functions of pdfTeX for LuaTeX (HO
)
Package pdftexcmds Info: \pdf@primitive is available.
Package pdftexcmds Info: \pdf@ifprimitive is available.
Package pdftexcmds Info: \pdfdraftmode found.
))
(C:\Users\Particular\AppData\Local\Programs\MiKTeX\tex/latex/hycolor\hycolor.st
y
Package: hycolor 2020-01-27 v1.10 Color options for hyperref/bookmark (HO)
)
(C:\Users\Particular\AppData\Local\Programs\MiKTeX\tex/latex/letltxmacro\letltx
macro.sty
Package: letltxmacro 2019/12/03 v1.6 Let assignment for LaTeX macros (HO)
)
(C:\Users\Particular\AppData\Local\Programs\MiKTeX\tex/latex/auxhook\auxhook.st
y
Package: auxhook 2019-12-17 v1.6 Hooks for auxiliary files (HO)
)
(C:\Users\Particular\AppData\Local\Programs\MiKTeX\tex/latex/hyperref\nameref.s
ty
Package: nameref 2023-11-26 v2.56 Cross-referencing by name of section

(C:\Users\Particular\AppData\Local\Programs\MiKTeX\tex/latex/refcount\refcount.
sty
Package: refcount 2019/12/15 v3.6 Data extraction from label references (HO)
)
(C:\Users\Particular\AppData\Local\Programs\MiKTeX\tex/generic/gettitlestring\g
ettitlestring.sty
Package: gettitlestring 2019/12/15 v1.6 Cleanup title references (HO)
)
\c@section@level=\count315
)
\@linkdim=\dimen291
\Hy@linkcounter=\count316
\Hy@pagecounter=\count317

(C:\Users\Particular\AppData\Local\Programs\MiKTeX\tex/latex/hyperref\pd1enc.de
f
File: pd1enc.def 2023-11-26 v7.01g Hyperref: PDFDocEncoding definition (HO)
Now handling font encoding PD1 ...
... no UTF-8 mapping file for font encoding PD1
)
(C:\Users\Particular\AppData\Local\Programs\MiKTeX\tex/generic/intcalc\intcalc.
sty
Package: intcalc 2019/12/15 v1.3 Expandable calculations with integers (HO)
)
\Hy@SavedSpaceFactor=\count318

(C:\Users\Particular\AppData\Local\Programs\MiKTeX\tex/latex/hyperref\puenc.def
File: puenc.def 2023-11-26 v7.01g Hyperref: PDF Unicode definition (HO)
Now handling font encoding PU ...
... no UTF-8 mapping file for font encoding PU
)
Package hyperref Info: Option `colorlinks' set `true' on input line 4064.
Package hyperref Info: Hyper figures OFF on input line 4181.
Package hyperref Info: Link nesting OFF on input line 4186.
Package hyperref Info: Hyper index ON on input line 4189.
Package hyperref Info: Plain pages OFF on input line 4196.
Package hyperref Info: Backreferencing OFF on input line 4201.
Package hyperref Info: Implicit mode ON; LaTeX internals redefined.
Package hyperref Info: Bookmarks ON on input line 4448.
\c@Hy@tempcnt=\count319
LaTeX Info: Redefining \url on input line 4786.
\XeTeXLinkMargin=\dimen292

(C:\Users\Particular\AppData\Local\Programs\MiKTeX\tex/generic/bitset\bitset.st
y
Package: bitset 2019/12/09 v1.3 Handle bit-vector datatype (HO)

(C:\Users\Particular\AppData\Local\Programs\MiKTeX\tex/generic/bigintcalc\bigin
tcalc.sty
Package: bigintcalc 2019/12/15 v1.5 Expandable calculations on big integers (HO
)
))
\Fld@menulength=\count320
\Field@Width=\dimen293
\Fld@charsize=\dimen294
Package hyperref Info: Hyper figures OFF on input line 6065.
Package hyperref Info: Link nesting OFF on input line 6070.
Package hyperref Info: Hyper index ON on input line 6073.
Package hyperref Info: backreferencing OFF on input line 6080.
Package hyperref Info: Link coloring ON on input line 6083.
Package hyperref Info: Link coloring with OCG OFF on input line 6090.
Package hyperref Info: PDF/A mode OFF on input line 6095.

(C:\Users\Particular\AppData\Local\Programs\MiKTeX\tex/latex/base\atbegshi-ltx.
sty
Package: atbegshi-ltx 2021/01/10 v1.0c Emulation of the original atbegshi
package with kernel methods
)
\Hy@abspage=\count321
\c@Item=\count322
\c@Hfootnote=\count323
)
Package hyperref Info: Driver (autodetected): hpdftex.

(C:\Users\Particular\AppData\Local\Programs\MiKTeX\tex/latex/hyperref\hpdftex.d
ef
File: hpdftex.def 2023-11-26 v7.01g Hyperref driver for pdfTeX

(C:\Users\Particular\AppData\Local\Programs\MiKTeX\tex/latex/base\atveryend-ltx
.sty
Package: atveryend-ltx 2020/08/19 v1.0a Emulation of the original atveryend pac
kage
with kernel methods
)
\Fld@listcount=\count324
\c@bookmark@seq@number=\count325

(C:\Users\Particular\AppData\Local\Programs\MiKTeX\tex/latex/rerunfilecheck\rer
unfilecheck.sty
Package: rerunfilecheck 2022-07-10 v1.10 Rerun checks for auxiliary files (HO)

(C:\Users\Particular\AppData\Local\Programs\MiKTeX\tex/generic/uniquecounter\un
iquecounter.sty
Package: uniquecounter 2019/12/15 v1.4 Provide unlimited unique counter (HO)
)
Package uniquecounter Info: New unique counter `rerunfilecheck' on input line 2
85.
)
\Hy@SectionHShift=\skip59
)
(C:\Users\Particular\AppData\Local\Programs\MiKTeX\tex/latex/geometry\geometry.
sty
Package: geometry 2020/01/02 v5.9 Page Geometry

(C:\Users\Particular\AppData\Local\Programs\MiKTeX\tex/generic/iftex\ifvtex.sty
Package: ifvtex 2019/10/25 v1.7 ifvtex legacy package. Use iftex instead.
)
\Gm@cnth=\count326
\Gm@cntv=\count327
\c@Gm@tempcnt=\count328
\Gm@bindingoffset=\dimen295
\Gm@wd@mp=\dimen296
\Gm@odd@mp=\dimen297
\Gm@even@mp=\dimen298
\Gm@layoutwidth=\dimen299
\Gm@layoutheight=\dimen300
\Gm@layouthoffset=\dimen301
\Gm@layoutvoffset=\dimen302
\Gm@dimlist=\toks43

(C:\Users\Particular\AppData\Local\Programs\MiKTeX\tex/latex/geometry\geometry.
cfg))
(C:\Users\Particular\AppData\Local\Programs\MiKTeX\tex/latex/tools\indentfirst.
sty
Package: indentfirst 2023/07/02 v1.03 Indent first paragraph (DPC)
)
(C:\Users\Particular\AppData\Local\Programs\MiKTeX\tex/latex/mdframed\mdframed.
sty
Package: mdframed 2013/07/01 1.9b: mdframed

(C:\Users\Particular\AppData\Local\Programs\MiKTeX\tex/latex/zref\zref-abspage.
sty
Package: zref-abspage 2023-09-14 v2.35 Module abspage for zref (HO)

(C:\Users\Particular\AppData\Local\Programs\MiKTeX\tex/latex/zref\zref-base.sty
Package: zref-base 2023-09-14 v2.35 Module base for zref (HO)

(C:\Users\Particular\AppData\Local\Programs\MiKTeX\tex/generic/etexcmds\etexcmd
s.sty
Package: etexcmds 2019/12/15 v1.7 Avoid name clashes with e-TeX commands (HO)
)
Package zref Info: New property list: main on input line 767.
Package zref Info: New property: default on input line 768.
Package zref Info: New property: page on input line 769.
)
\c@abspage=\count329
Package zref Info: New property: abspage on input line 67.
)
(C:\Users\Particular\AppData\Local\Programs\MiKTeX\tex/latex/needspace\needspac
e.sty
Package: needspace 2010/09/12 v1.3d reserve vertical space
)
\mdf@templength=\skip60
\c@mdf@globalstyle@cnt=\count330
\mdf@skipabove@length=\skip61
\mdf@skipbelow@length=\skip62
\mdf@leftmargin@length=\skip63
\mdf@rightmargin@length=\skip64
\mdf@innerleftmargin@length=\skip65
\mdf@innerrightmargin@length=\skip66
\mdf@innertopmargin@length=\skip67
\mdf@innerbottommargin@length=\skip68
\mdf@splittopskip@length=\skip69
\mdf@splitbottomskip@length=\skip70
\mdf@outermargin@length=\skip71
\mdf@innermargin@length=\skip72
\mdf@linewidth@length=\skip73
\mdf@innerlinewidth@length=\skip74
\mdf@middlelinewidth@length=\skip75
\mdf@outerlinewidth@length=\skip76
\mdf@roundcorner@length=\skip77
\mdf@footenotedistance@length=\skip78
\mdf@userdefinedwidth@length=\skip79
\mdf@needspace@length=\skip80
\mdf@frametitleaboveskip@length=\skip81
\mdf@frametitlebelowskip@length=\skip82
\mdf@frametitlerulewidth@length=\skip83
\mdf@frametitleleftmargin@length=\skip84
\mdf@frametitlerightmargin@length=\skip85
\mdf@shadowsize@length=\skip86
\mdf@extratopheight@length=\skip87
\mdf@subtitleabovelinewidth@length=\skip88
\mdf@subtitlebelowlinewidth@length=\skip89
\mdf@subtitleaboveskip@length=\skip90
\mdf@subtitlebelowskip@length=\skip91
\mdf@subtitleinneraboveskip@length=\skip92
\mdf@subtitleinnerbelowskip@length=\skip93
\mdf@subsubtitleabovelinewidth@length=\skip94
\mdf@subsubtitlebelowlinewidth@length=\skip95
\mdf@subsubtitleaboveskip@length=\skip96
\mdf@subsubtitlebelowskip@length=\skip97
\mdf@subsubtitleinneraboveskip@length=\skip98
\mdf@subsubtitleinnerbelowskip@length=\skip99

(C:\Users\Particular\AppData\Local\Programs\MiKTeX\tex/latex/mdframed\md-frame-
0.mdf
File: md-frame-0.mdf 2013/07/01\ 1.9b: md-frame-0
)
\mdf@frametitlebox=\box98
\mdf@footnotebox=\box99
\mdf@splitbox@one=\box100
\mdf@splitbox@two=\box101
\mdf@splitbox@save=\box102
\mdfsplitboxwidth=\skip100
\mdfsplitboxtotalwidth=\skip101
\mdfsplitboxheight=\skip102
\mdfsplitboxdepth=\skip103
\mdfsplitboxtotalheight=\skip104
\mdfframetitleboxwidth=\skip105
\mdfframetitleboxtotalwidth=\skip106
\mdfframetitleboxheight=\skip107
\mdfframetitleboxdepth=\skip108
\mdfframetitleboxtotalheight=\skip109
\mdffootnoteboxwidth=\skip110
\mdffootnoteboxtotalwidth=\skip111
\mdffootnoteboxheight=\skip112
\mdffootnoteboxdepth=\skip113
\mdffootnoteboxtotalheight=\skip114
\mdftotallinewidth=\skip115
\mdfboundingboxwidth=\skip116
\mdfboundingboxtotalwidth=\skip117
\mdfboundingboxheight=\skip118
\mdfboundingboxdepth=\skip119
\mdfboundingboxtotalheight=\skip120
\mdf@freevspace@length=\skip121
\mdf@horizontalwidthofbox@length=\skip122
\mdf@verticalmarginwhole@length=\skip123
\mdf@horizontalspaceofbox=\skip124
\mdfsubtitleheight=\skip125
\mdfsubsubtitleheight=\skip126
\c@mdfcountframes=\count331

****** mdframed patching \endmdf@trivlist

****** -- success******

\mdf@envdepth=\count332
\c@mdf@env@i=\count333
\c@mdf@env@ii=\count334
\c@mdf@zref@counter=\count335
Package zref Info: New property: mdf@pagevalue on input line 895.
)
LaTeX Font Info:    Trying to load font information for T1+lmr on input line 70
.

(C:\Users\Particular\AppData\Local\Programs\MiKTeX\tex/latex/lm\t1lmr.fd
File: t1lmr.fd 2015/05/01 v1.6.1 Font defs for Latin Modern
)
(guia_inst_window.aux)
\openout1 = `guia_inst_window.aux'.

LaTeX Font Info:    Checking defaults for OML/cmm/m/it on input line 70.
LaTeX Font Info:    ... okay on input line 70.
LaTeX Font Info:    Checking defaults for OMS/cmsy/m/n on input line 70.
LaTeX Font Info:    ... okay on input line 70.
LaTeX Font Info:    Checking defaults for OT1/cmr/m/n on input line 70.
LaTeX Font Info:    ... okay on input line 70.
LaTeX Font Info:    Checking defaults for T1/cmr/m/n on input line 70.
LaTeX Font Info:    ... okay on input line 70.
LaTeX Font Info:    Checking defaults for TS1/cmr/m/n on input line 70.
LaTeX Font Info:    ... okay on input line 70.
LaTeX Font Info:    Checking defaults for OMX/cmex/m/n on input line 70.
LaTeX Font Info:    ... okay on input line 70.
LaTeX Font Info:    Checking defaults for U/cmr/m/n on input line 70.
LaTeX Font Info:    ... okay on input line 70.
LaTeX Font Info:    Checking defaults for PD1/pdf/m/n on input line 70.
LaTeX Font Info:    ... okay on input line 70.
LaTeX Font Info:    Checking defaults for PU/pdf/m/n on input line 70.
LaTeX Font Info:    ... okay on input line 70.
Package caption Info: Begin \AtBeginDocument code.
Package caption Info: float package is loaded.
Package caption Info: hyperref package is loaded.
Package caption Info: listings package is loaded.
Package caption Info: longtable package is loaded.

(C:\Users\Particular\AppData\Local\Programs\MiKTeX\tex/latex/caption\ltcaption.
sty
Package: ltcaption 2021/01/08 v1.4c longtable captions (AR)
)
Package caption Info: End \AtBeginDocument code.
LaTeX Info: Redefining \microtypecontext on input line 70.
Package microtype Info: Applying patch `item' on input line 70.
Package microtype Info: Applying patch `toc' on input line 70.
Package microtype Info: Applying patch `eqnum' on input line 70.
Package microtype Info: Applying patch `footnote' on input line 70.
Package microtype Info: Applying patch `verbatim' on input line 70.
Package microtype Info: Generating PDF output.
Package microtype Info: Character protrusion enabled (level 2).
Package microtype Info: Using default protrusion set `alltext'.
Package microtype Info: Automatic font expansion enabled (level 2),
(microtype)             stretch: 20, shrink: 20, step: 1, non-selected.
Package microtype Info: Using default expansion set `alltext-nott'.
LaTeX Info: Redefining \showhyphens on input line 70.
Package microtype Info: No adjustment of tracking.
Package microtype Info: No adjustment of interword spacing.
Package microtype Info: No adjustment of character kerning.

(C:\Users\Particular\AppData\Local\Programs\MiKTeX\tex/latex/microtype\mt-cmr.c
fg
File: mt-cmr.cfg 2013/05/19 v2.2 microtype config. file: Computer Modern Roman 
(RS)
)
(C:\Users\Particular\AppData\Local\Programs\MiKTeX\tex/context/base/mkii\supp-p
df.mkii
[Loading MPS to PDF converter (version 2006.09.02).]
\scratchcounter=\count336
\scratchdimen=\dimen303
\scratchbox=\box103
\nofMPsegments=\count337
\nofMParguments=\count338
\everyMPshowfont=\toks44
\MPscratchCnt=\count339
\MPscratchDim=\dimen304
\MPnumerator=\count340
\makeMPintoPDFobject=\count341
\everyMPtoPDFconversion=\toks45
)
(C:\Users\Particular\AppData\Local\Programs\MiKTeX\tex/latex/epstopdf-pkg\epsto
pdf-base.sty
Package: epstopdf-base 2020-01-24 v2.11 Base part for package epstopdf
Package epstopdf-base Info: Redefining graphics rule for `.eps' on input line 4
85.

(C:\Users\Particular\AppData\Local\Programs\MiKTeX\tex/latex/00miktex\epstopdf-
sys.cfg
File: epstopdf-sys.cfg 2021/03/18 v2.0 Configuration of epstopdf for MiKTeX
))
\c@lstlisting=\count342
Package hyperref Info: Link coloring ON on input line 70.
 (guia_inst_window.out) (guia_inst_window.out)
\@outlinefile=\write5
\openout5 = `guia_inst_window.out'.


*geometry* driver: auto-detecting
*geometry* detected driver: pdftex
*geometry* verbose mode - [ preamble ] result:
* driver: pdftex
* paper: a4paper
* layout: <same size as paper>
* layoutoffset:(h,v)=(0.0pt,0.0pt)
* modes: 
* h-part:(L,W,R)=(72.26999pt, 452.9679pt, 72.26999pt)
* v-part:(T,H,B)=(72.26999pt, 700.50687pt, 72.26999pt)
* \paperwidth=597.50787pt
* \paperheight=845.04684pt
* \textwidth=452.9679pt
* \textheight=700.50687pt
* \oddsidemargin=0.0pt
* \evensidemargin=0.0pt
* \topmargin=-37.0pt
* \headheight=12.0pt
* \headsep=25.0pt
* \topskip=11.0pt
* \footskip=30.0pt
* \marginparwidth=50.0pt
* \marginparsep=10.0pt
* \columnsep=10.0pt
* \skip\footins=10.0pt plus 4.0pt minus 2.0pt
* \hoffset=0.0pt
* \voffset=0.0pt
* \mag=1000
* \@twocolumnfalse
* \@twosidefalse
* \@mparswitchfalse
* \@reversemarginfalse
* (1in=72.27pt=25.4mm, 1cm=28.453pt)

LaTeX Font Info:    Trying to load font information for T1+lmss on input line 7
2.
(C:\Users\Particular\AppData\Local\Programs\MiKTeX\tex/latex/lm\t1lmss.fd
File: t1lmss.fd 2015/05/01 v1.6.1 Font defs for Latin Modern
)
Package microtype Info: Loading generic protrusion settings for font family
(microtype)             `lmss' (encoding: T1).
(microtype)             For optimal results, create family-specific settings.
(microtype)             See the microtype manual for details.
LaTeX Font Info:    Trying to load font information for OT1+lmr on input line 7
2.

(C:\Users\Particular\AppData\Local\Programs\MiKTeX\tex/latex/lm\ot1lmr.fd
File: ot1lmr.fd 2015/05/01 v1.6.1 Font defs for Latin Modern
)
LaTeX Font Info:    Trying to load font information for OML+lmm on input line 7
2.

(C:\Users\Particular\AppData\Local\Programs\MiKTeX\tex/latex/lm\omllmm.fd
File: omllmm.fd 2015/05/01 v1.6.1 Font defs for Latin Modern
)
LaTeX Font Info:    Trying to load font information for OMS+lmsy on input line 
72.

(C:\Users\Particular\AppData\Local\Programs\MiKTeX\tex/latex/lm\omslmsy.fd
File: omslmsy.fd 2015/05/01 v1.6.1 Font defs for Latin Modern
)
LaTeX Font Info:    Trying to load font information for OMX+lmex on input line 
72.

(C:\Users\Particular\AppData\Local\Programs\MiKTeX\tex/latex/lm\omxlmex.fd
File: omxlmex.fd 2015/05/01 v1.6.1 Font defs for Latin Modern
)
LaTeX Font Info:    External font `lmex10' loaded for size
(Font)              <12> on input line 72.
LaTeX Font Info:    External font `lmex10' loaded for size
(Font)              <8> on input line 72.
LaTeX Font Info:    External font `lmex10' loaded for size
(Font)              <6> on input line 72.


LaTeX Warning: No \author given.

LaTeX Font Info:    Trying to load font information for T1+lmtt on input line 7
2.
(C:\Users\Particular\AppData\Local\Programs\MiKTeX\tex/latex/lm\t1lmtt.fd
File: t1lmtt.fd 2015/05/01 v1.6.1 Font defs for Latin Modern
)
Package microtype Info: Loading generic protrusion settings for font family
(microtype)             `lmtt' (encoding: T1).
(microtype)             For optimal results, create family-specific settings.
(microtype)             See the microtype manual for details.
\openout3 = `guia_inst_window.ver'.

\vh@hstfile=\write6
\openout6 = `guia_inst_window.hst'.


(guia_inst_window.ver) (guia_inst_window.ver) (guia_inst_window.ver) [1

{C:/Users/Particular/AppData/Local/MiKTeX/fonts/map/pdftex/pdftex.map}{C:/Users
/Particular/AppData/Local/Programs/MiKTeX/fonts/enc/dvips/lm/lm-ec.enc}] [2]
(guia_inst_window.toc
LaTeX Font Info:    External font `lmex10' loaded for size
(Font)              <10.95> on input line 3.
)
\tf@toc=\write7
\openout7 = `guia_inst_window.toc'.

 [3]
Overfull \hbox (4.47136pt too wide) in paragraph at lines 108--109
[]\T1/lmr/m/n/10.95 (-20) Baixe e ins-tale o \T1/lmr/m/it/10.95 (-20) GitHub De
sk-top \T1/lmr/m/n/10.95 (-20) do en-de-reço: [][]$\T1/lmtt/m/n/10.95 https : /
 / desktop . github . com / download/$[][] 
 []

<images/prompt_wsl.png, id=212, 328.22626pt x 67.452pt>
File: images/prompt_wsl.png Graphic file (type png)
<use images/prompt_wsl.png>
Package pdftex.def Info: images/prompt_wsl.png  used on input line 136.
(pdftex.def)             Requested size: 339.72592pt x 69.81596pt.
[4 <./images/prompt_wsl.png>]
LaTeX Font Info:    Trying to load font information for TS1+lmr on input line 1
60.

(C:\Users\Particular\AppData\Local\Programs\MiKTeX\tex/latex/lm\ts1lmr.fd
File: ts1lmr.fd 2015/05/01 v1.6.1 Font defs for Latin Modern
)
<images/activeState_install.png, id=234, 654.19406pt x 147.55125pt>
File: images/activeState_install.png Graphic file (type png)
<use images/activeState_install.png>
Package pdftex.def Info: images/activeState_install.png  used on input line 179
.
(pdftex.def)             Requested size: 430.31812pt x 97.0554pt.
<images/perl_install_1.png, id=235, 624.08156pt x 249.18094pt>
File: images/perl_install_1.png Graphic file (type png)
<use images/perl_install_1.png>
Package pdftex.def Info: images/perl_install_1.png  used on input line 196.
(pdftex.def)             Requested size: 430.31812pt x 171.81715pt.

[5{C:/Users/Particular/AppData/Local/Programs/MiKTeX/fonts/enc/dvips/lm/lm-ts1.
enc} <./images/activeState_install.png>]
<images/python_install_1.png, id=243, 660.96938pt x 282.30469pt>
File: images/python_install_1.png Graphic file (type png)
<use images/python_install_1.png>
Package pdftex.def Info: images/python_install_1.png  used on input line 203.
(pdftex.def)             Requested size: 430.31812pt x 183.7974pt.
<images/ruby_install_1.png, id=244, 628.59843pt x 271.76532pt>
File: images/ruby_install_1.png Graphic file (type png)
<use images/ruby_install_1.png>
Package pdftex.def Info: images/ruby_install_1.png  used on input line 210.
(pdftex.def)             Requested size: 430.31812pt x 186.042pt.
 [6 <./images/perl_install_1.png> <./images/python_install_1.png> <./images/rub
y_install_1.png>]
Overfull \hbox (14.43332pt too wide) in paragraph at lines 220--221
[][][]$\T1/lmtt/m/n/10.95 https : / / learn . microsoft . com / en-[]us / cpp /
 windows / latest-[]supported-[]vc-[]redist ? view =
 []

<images/msvc_build_2019.png, id=257, 660.066pt x 241.50224pt>
File: images/msvc_build_2019.png Graphic file (type png)
<use images/msvc_build_2019.png>
Package pdftex.def Info: images/msvc_build_2019.png  used on input line 226.
(pdftex.def)             Requested size: 430.31812pt x 157.44258pt.
[7 <./images/msvc_build_2019.png>]
LaTeX Font Info:    Font shape `T1/lmss/bx/it' in size <10.95> not available
(Font)              Font shape `T1/lmss/bx/sl' tried instead on input line 296.

 [8]
<images/qtdirenv.png, id=285, 409.53pt x 233.07076pt>
File: images/qtdirenv.png Graphic file (type png)
<use images/qtdirenv.png>
Package pdftex.def Info: images/qtdirenv.png  used on input line 353.
(pdftex.def)             Requested size: 339.72592pt x 193.3562pt.
 [9 <./images/qtdirenv.png>]
Package mdframed Info: Not enough space on this page on input line 366.
<images/qtpathenv.png, id=300, 349.90726pt x 384.2355pt>
File: images/qtpathenv.png Graphic file (type png)
<use images/qtpathenv.png>
Package pdftex.def Info: images/qtpathenv.png  used on input line 370.
(pdftex.def)             Requested size: 339.72592pt x 373.0539pt.
<images/qtinstallerdown.png, id=303, 520.344pt x 301.72725pt>
File: images/qtinstallerdown.png Graphic file (type png)
<use images/qtinstallerdown.png>
Package pdftex.def Info: images/qtinstallerdown.png  used on input line 392.
(pdftex.def)             Requested size: 339.72592pt x 197.00433pt.
 [10 <./images/qtpathenv.png>]
Overfull \hbox (33.52237pt too wide) in paragraph at lines 402--402
 [] \T1/lmtt/m/n/10 .\qt-online-installer-windows-x64-4.8.0.exe --mirror https:
//mirrors.ocf.berkeley.edu/qt/[] 
 []

<images/qt_online_installer.png, id=317, 579.66562pt x 321.45094pt>
File: images/qt_online_installer.png Graphic file (type png)
<use images/qt_online_installer.png>
Package pdftex.def Info: images/qt_online_installer.png  used on input line 409
.
(pdftex.def)             Requested size: 339.72592pt x 188.39383pt.
<images/qt_installer_email.png, id=319, 751.30687pt x 315.42844pt>
File: images/qt_installer_email.png Graphic file (type png)
<use images/qt_installer_email.png>
Package pdftex.def Info: images/qt_installer_email.png  used on input line 418.

(pdftex.def)             Requested size: 430.31812pt x 180.66724pt.
[11 <./images/qtinstallerdown.png> <./images/qt_online_installer.png>]
<images/qt_after_email.png, id=331, 759.58781pt x 488.57532pt>
File: images/qt_after_email.png Graphic file (type png)
<use images/qt_after_email.png>
Package pdftex.def Info: images/qt_after_email.png  used on input line 427.
(pdftex.def)             Requested size: 430.31812pt x 276.79108pt.
<images/qt_download_path.png, id=333, 755.82375pt x 489.32813pt>
File: images/qt_download_path.png Graphic file (type png)
<use images/qt_download_path.png>
Package pdftex.def Info: images/qt_download_path.png  used on input line 436.
(pdftex.def)             Requested size: 430.31812pt x 278.5914pt.
 [12 <./images/qt_installer_email.png> <./images/qt_after_email.png>]
<images/qt_inst_modules.png, id=345, 757.02824pt x 495.0495pt>
File: images/qt_inst_modules.png Graphic file (type png)
<use images/qt_inst_modules.png>
Package pdftex.def Info: images/qt_inst_modules.png  used on input line 445.
(pdftex.def)             Requested size: 430.31812pt x 281.41064pt.
 [13 <./images/qt_download_path.png> <./images/qt_inst_modules.png>]
<images/qt_mark_read.png, id=358, 761.09344pt x 407.27156pt>
File: images/qt_mark_read.png Graphic file (type png)
<use images/qt_mark_read.png>
Package pdftex.def Info: images/qt_mark_read.png  used on input line 456.
(pdftex.def)             Requested size: 430.31812pt x 230.27664pt.
<images/qt_wait_inst_finish.png, id=360, 758.835pt x 402.00188pt>
File: images/qt_wait_inst_finish.png Graphic file (type png)
<use images/qt_wait_inst_finish.png>
Package pdftex.def Info: images/qt_wait_inst_finish.png  used on input line 465
.
(pdftex.def)             Requested size: 430.31812pt x 227.97183pt.
 [14 <./images/qt_mark_read.png> <./images/qt_wait_inst_finish.png>]
<images/qt_tools_ext_config.png, id=372, 355.3275pt x 277.63725pt>
File: images/qt_tools_ext_config.png Graphic file (type png)
<use images/qt_tools_ext_config.png>
Package pdftex.def Info: images/qt_tools_ext_config.png  used on input line 488
.
(pdftex.def)             Requested size: 339.72592pt x 265.45691pt.
<images/qt_tools_ext_config_kit.png, id=373, 536.0025pt x 346.896pt>
File: images/qt_tools_ext_config_kit.png Graphic file (type png)
<use images/qt_tools_ext_config_kit.png>
Package pdftex.def Info: images/qt_tools_ext_config_kit.png  used on input line
 496.
(pdftex.def)             Requested size: 430.31812pt x 278.4964pt.
 [15 <./images/qt_tools_ext_config.png>]
<images/qt_no_error_compile.png, id=382, 576.35326pt x 171.64125pt>
File: images/qt_no_error_compile.png Graphic file (type png)
<use images/qt_no_error_compile.png>
Package pdftex.def Info: images/qt_no_error_compile.png  used on input line 502
.
(pdftex.def)             Requested size: 430.31812pt x 128.1518pt.

Overfull \hbox (1.26738pt too wide) in paragraph at lines 519--520
[]\T1/lmr/m/n/10.95 (-20) Baixe e ins-tale o \T1/lmr/m/it/10.95 (-20) Mon-goDB 
\T1/lmr/m/n/10.95 (-20) a par-tir do en-de-reço: [][]$\T1/lmtt/m/n/10.95 https 
: / / www . mongodb . com / try / download /
 []

<images/mongodb_download_2.png, id=384, 564.60938pt x 312.41719pt>
File: images/mongodb_download_2.png Graphic file (type png)
<use images/mongodb_download_2.png>
Package pdftex.def Info: images/mongodb_download_2.png  used on input line 523.

(pdftex.def)             Requested size: 294.42636pt x 162.9155pt.
[16 <./images/qt_tools_ext_config_kit.png> <./images/qt_no_error_compile.png>]
Package mdframed Info: Not enough space on this page on input line 572.

[17 <./images/mongodb_download_2.png>]
Package mdframed Info: Not enough space on this page on input line 572.

Overfull \hbox (30.73993pt too wide) in paragraph at lines 587--588
[]\T1/lmr/m/n/10.95 (-20) Agora os ar-qui-vos de-vem es-tar cor-re-ta-mente ins
-ta-la-dos no di-re-tó-rio \T1/lmtt/m/n/10.95 C:/Drivers/mongo-cxx-driver\T1/lm
r/m/n/10.95 (-20) .
 []

<images/mongodb_drivers.png, id=402, 299.9205pt x 221.628pt>
File: images/mongodb_drivers.png Graphic file (type png)
<use images/mongodb_drivers.png>
Package pdftex.def Info: images/mongodb_drivers.png  used on input line 591.
(pdftex.def)             Requested size: 249.13371pt x 184.10675pt.
<images/mongo_compass.png, id=403, 754.61925pt x 410.7345pt>
File: images/mongo_compass.png Graphic file (type png)
<use images/mongo_compass.png>
Package pdftex.def Info: images/mongo_compass.png  used on input line 600.
(pdftex.def)             Requested size: 430.31812pt x 234.22136pt.
[18 <./images/mongodb_drivers.png>] [19{C:/Users/Particular/AppData/Local/Progr
ams/MiKTeX/fonts/enc/dvips/lm/lm-mathit.enc} <./images/mongo_compass.png>]
<images/vtk_make.png, id=423, 715.17188pt x 137.01187pt>
File: images/vtk_make.png Graphic file (type png)
<use images/vtk_make.png>
Package pdftex.def Info: images/vtk_make.png  used on input line 659.
(pdftex.def)             Requested size: 430.31812pt x 82.4398pt.

Overfull \hbox (14.58011pt too wide) in paragraph at lines 673--674
[]\T1/lmr/m/n/10.95 (-20) Esse co-mando com-pi-lará o \T1/lmr/m/it/10.95 (-20) 
dri-ver \T1/lmr/m/n/10.95 (-20) no modo \T1/lmr/m/it/10.95 (-20) Re-le-ase\T1/l
mr/m/n/10.95 (-20) , que de-pois será ins-ta-lado em \T1/lmtt/m/n/10.95 C:/Driv
ers/VTK\T1/lmr/m/n/10.95 (-20) . 
 []

[20 <./images/vtk_make.png>]
<images/vtk_drivers.png, id=436, 596.98032pt x 177.66376pt>
File: images/vtk_drivers.png Graphic file (type png)
<use images/vtk_drivers.png>
Package pdftex.def Info: images/vtk_drivers.png  used on input line 690.
(pdftex.def)             Requested size: 430.31812pt x 128.06418pt.
 [21 <./images/vtk_drivers.png>]
Overfull \hbox (85.21811pt too wide) in paragraph at lines 753--753
[]\T1/lmtt/m/n/10.95 cmake -G "Visual Studio 16 2019" -A x64 -DCMAKE_CXX_STANDA
RD=17 -DCMAKE_BUILD_TYPE=Release[] 
 []

<images/gmsh_build.png, id=456, 563.10374pt x 236.38312pt>
File: images/gmsh_build.png Graphic file (type png)
<use images/gmsh_build.png>
Package pdftex.def Info: images/gmsh_build.png  used on input line 759.
(pdftex.def)             Requested size: 430.31812pt x 180.64133pt.
[22 <./images/gmsh_build.png>]
Overfull \hbox (20.32884pt too wide) in paragraph at lines 773--774
[]\T1/lmr/m/n/10.95 (-20) Esse co-mando com-pi-lará o \T1/lmr/m/it/10.95 (-20) 
dri-ver \T1/lmr/m/n/10.95 (-20) no modo \T1/lmr/m/it/10.95 (-20) Re-le-ase\T1/l
mr/m/n/10.95 (-20) , que de-pois será ins-ta-lado em \T1/lmtt/m/n/10.95 C:/Driv
ers/Gmsh\T1/lmr/m/n/10.95 (-20) . 
 []

<images/gmsh_install.png, id=466, 587.19376pt x 189.70876pt>
File: images/gmsh_install.png Graphic file (type png)
<use images/gmsh_install.png>
Package pdftex.def Info: images/gmsh_install.png  used on input line 788.
(pdftex.def)             Requested size: 430.31812pt x 139.02464pt.

LaTeX Warning: Command \' invalid in math mode on input line 797.

<images/gmsh_lib.png, id=467, 453.94594pt x 371.13657pt>
File: images/gmsh_lib.png Graphic file (type png)
<use images/gmsh_lib.png>
Package pdftex.def Info: images/gmsh_lib.png  used on input line 805.
(pdftex.def)             Requested size: 385.02547pt x 314.79366pt.
[23{C:/Users/Particular/AppData/Local/Programs/MiKTeX/fonts/enc/dvips/lm/lm-rm.
enc} <./images/gmsh_install.png>] [24 <./images/gmsh_lib.png>]
<images/qtcreatorver.png, id=496, 351.56343pt x 263.48438pt>
File: images/qtcreatorver.png Graphic file (type png)
<use images/qtcreatorver.png>
Package pdftex.def Info: images/qtcreatorver.png  used on input line 838.
(pdftex.def)             Requested size: 339.72592pt x 254.6106pt.
<images/qtcreatoropen.png, id=497, 96.36pt x 22.28325pt>
File: images/qtcreatoropen.png Graphic file (type png)
<use images/qtcreatoropen.png>
Package pdftex.def Info: images/qtcreatoropen.png  used on input line 842.
(pdftex.def)             Requested size: 71.03178pt x 16.42499pt.
<images/qtcreatoralert.png, id=499, 302.3295pt x 162.00525pt>
File: images/qtcreatoralert.png Graphic file (type png)
<use images/qtcreatoralert.png>
Package pdftex.def Info: images/qtcreatoralert.png  used on input line 847.
(pdftex.def)             Requested size: 249.13371pt x 133.49776pt.
<images/qtcreatorconf.png, id=501, 255.95625pt x 106.14656pt>
File: images/qtcreatorconf.png Graphic file (type png)
<use images/qtcreatorconf.png>
Package pdftex.def Info: images/qtcreatorconf.png  used on input line 854.
(pdftex.def)             Requested size: 249.13371pt x 103.31674pt.
 [25 <./images/qtcreatorver.png> <./images/qtcreatoropen.png> <./images/qtcreat
oralert.png>]
<images/qtcreatorsirerc.png, id=518, 198.14024pt x 275.8305pt>
File: images/qtcreatorsirerc.png Graphic file (type png)
<use images/qtcreatorsirerc.png>
Package pdftex.def Info: images/qtcreatorsirerc.png  used on input line 864.
(pdftex.def)             Requested size: 158.54152pt x 220.7194pt.
<images/qtcreatorrelease.png, id=520, 205.9695pt x 198.7425pt>
File: images/qtcreatorrelease.png Graphic file (type png)
<use images/qtcreatorrelease.png>
Package pdftex.def Info: images/qtcreatorrelease.png  used on input line 871.
(pdftex.def)             Requested size: 203.83417pt x 196.67986pt.

[26 <./images/qtcreatorconf.png> <./images/qtcreatorsirerc.png>]
<images/sirercrun.png, id=532, 42.75975pt x 30.1125pt>
File: images/sirercrun.png Graphic file (type png)
<use images/sirercrun.png>
Package pdftex.def Info: images/sirercrun.png  used on input line 878.
(pdftex.def)             Requested size: 23.32414pt x 16.42499pt.
<images/sirerc.png, id=534, 1927.2pt x 777.65532pt>
File: images/sirerc.png Graphic file (type png)
<use images/sirerc.png>
Package pdftex.def Info: images/sirerc.png  used on input line 881.
(pdftex.def)             Requested size: 430.31812pt x 173.6359pt.
<images/qtinstallerframework.png, id=536, 573.342pt x 384.83775pt>
File: images/qtinstallerframework.png Graphic file (type png)
<use images/qtinstallerframework.png>
Package pdftex.def Info: images/qtinstallerframework.png  used on input line 89
7.
(pdftex.def)             Requested size: 317.07614pt x 212.83585pt.
 [27 <./images/qtcreatorrelease.png> <./images/sirercrun.png> <./images/sirerc.
png>]
Overfull \hbox (4.55525pt too wide) in paragraph at lines 904--905
[]\T1/lmr/m/n/10.95 (-20) Após a ins-ta-la-ção, o QtIns-tal-ler-Fra-mework es-t
ará dis-po-ní-vel no di-re-tó-rio $\T1/lmtt/m/n/10.95 ${QtDirectory} /
 []

<images/sirercinstallerdir.png, id=550, 499.26524pt x 86.12175pt>
File: images/sirercinstallerdir.png Graphic file (type png)
<use images/sirercinstallerdir.png>
Package pdftex.def Info: images/sirercinstallerdir.png  used on input line 909.

(pdftex.def)             Requested size: 339.72592pt x 58.60274pt.
[28 <./images/qtinstallerframework.png> <./images/sirercinstallerdir.png>]
<images/sirercinstallerpackage.png, id=577, 417.35925pt x 75.8835pt>
File: images/sirercinstallerpackage.png Graphic file (type png)
<use images/sirercinstallerpackage.png>
Package pdftex.def Info: images/sirercinstallerpackage.png  used on input line 
939.
(pdftex.def)             Requested size: 339.72592pt x 61.7698pt.
<images/sirercpackagedirs.png, id=579, 472.164pt x 100.57574pt>
File: images/sirercpackagedirs.png Graphic file (type png)
<use images/sirercpackagedirs.png>
Package pdftex.def Info: images/sirercpackagedirs.png  used on input line 946.
(pdftex.def)             Requested size: 339.72592pt x 72.36536pt.

Overfull \hbox (11.19373pt too wide) in paragraph at lines 962--963
[][][][][][][][][][][][][][][][][][][][][][] 
 []


Overfull \hbox (64.64166pt too wide) in paragraph at lines 969--970
\T1/lmtt/m/n/10.95 qtinstallerframework / ifw-[]component-[]description . html 
# package-[]information-[]file-[]syntax$[][]\T1/lmr/m/n/10.95 (-20) .
 []

<images/sirercpackagemeta.png, id=583, 495.65175pt x 105.39375pt>
File: images/sirercpackagemeta.png Graphic file (type png)
<use images/sirercpackagemeta.png>
Package pdftex.def Info: images/sirercpackagemeta.png  used on input line 974.
(pdftex.def)             Requested size: 339.72592pt x 72.2409pt.
[29 <./images/sirercinstallerpackage.png> <./images/sirercpackagedirs.png>]
<images/sirercdatawin64.png, id=612, 496.254pt x 102.3825pt>
File: images/sirercdatawin64.png Graphic file (type png)
<use images/sirercdatawin64.png>
Package pdftex.def Info: images/sirercdatawin64.png  used on input line 984.
(pdftex.def)             Requested size: 339.72592pt x 70.0894pt.
<images/sirercdataexe.png, id=613, 536.60475pt x 100.57574pt>
File: images/sirercdataexe.png Graphic file (type png)
<use images/sirercdataexe.png>
Package pdftex.def Info: images/sirercdataexe.png  used on input line 989.
(pdftex.def)             Requested size: 339.72592pt x 63.67458pt.

Overfull \hbox (124.52122pt too wide) in paragraph at lines 999--999
 []   \T1/lmtt/m/n/10.95 ${QtDirectory}\5.15.2\msvc2015_64\bin\windeployqt.exe 
Sirerc_Project.exe --compiler-runtime[] 
 []

<images/sirercdeploy.png, id=615, 557.6835pt x 546.24075pt>
File: images/sirercdeploy.png Graphic file (type png)
<use images/sirercdeploy.png>
Package pdftex.def Info: images/sirercdeploy.png  used on input line 1004.
(pdftex.def)             Requested size: 339.72592pt x 332.76462pt.
[30 <./images/sirercpackagemeta.png> <./images/sirercdatawin64.png> <./images/s
irercdataexe.png>]
<images/deptool.png, id=633, 595.62524pt x 632.3625pt>
File: images/deptool.png Graphic file (type png)
<use images/deptool.png>
Package pdftex.def Info: images/deptool.png  used on input line 1015.
(pdftex.def)             Requested size: 339.72592pt x 360.6916pt.
 [31 <./images/sirercdeploy.png>]
Overfull \hbox (291.2345pt too wide) in paragraph at lines 1031--1031
 []   \T1/lmtt/m/n/10.95 ${QtDirectory}\Tools\QtInstallerFramework\4.6\bin\bina
rycreator.exe -c config\config.xml -p packages\ -f SirercInstaller[] 
 []

<images/sirercinstallerfinish.png, id=646, 479.391pt x 131.2905pt>
File: images/sirercinstallerfinish.png Graphic file (type png)
<use images/sirercinstallerfinish.png>
Package pdftex.def Info: images/sirercinstallerfinish.png  used on input line 1
036.
(pdftex.def)             Requested size: 339.72592pt x 93.0426pt.
[32 <./images/deptool.png>]
<images/sirercinstaller.png, id=658, 483.0045pt x 246.9225pt>
File: images/sirercinstaller.png Graphic file (type png)
<use images/sirercinstaller.png>
Package pdftex.def Info: images/sirercinstaller.png  used on input line 1041.
(pdftex.def)             Requested size: 339.72592pt x 173.67345pt.
 [33 <./images/sirercinstallerfinish.png> <./images/sirercinstaller.png>] (guia
_inst_window.aux)
 ***********
LaTeX2e <2023-11-01> patch level 1
L3 programming layer <2024-01-04>
 ***********
Package rerunfilecheck Info: File `guia_inst_window.out' has not changed.
(rerunfilecheck)             Checksum: ED1578350E843C4B62B40F1FC01B6339;6302.
 ) 
Here is how much of TeX's memory you used:
 33045 strings out of 474486
 648290 string characters out of 5741396
 1950542 words of memory out of 5000000
 54249 multiletter control sequences out of 15000+600000
 653981 words of font info for 198 fonts, out of 8000000 for 9000
 1141 hyphenation exceptions out of 8191
 99i,9n,101p,1015b,1353s stack positions out of 10000i,1000n,20000p,200000b,200000s
<C:/Users/Particular/AppData/Local/Programs/MiKTeX/fonts/type1/public/lm/lmbx
10.pfb><C:/Users/Particular/AppData/Local/Programs/MiKTeX/fonts/type1/public/lm
/lmbx12.pfb><C:/Users/Particular/AppData/Local/Programs/MiKTeX/fonts/type1/publ
ic/lm/lmbxi10.pfb><C:/Users/Particular/AppData/Local/Programs/MiKTeX/fonts/type
1/public/lm/lmmi10.pfb><C:/Users/Particular/AppData/Local/Programs/MiKTeX/fonts
/type1/public/lm/lmr10.pfb><C:/Users/Particular/AppData/Local/Programs/MiKTeX/f
onts/type1/public/lm/lmr17.pfb><C:/Users/Particular/AppData/Local/Programs/MiKT
eX/fonts/type1/public/lm/lmri10.pfb><C:/Users/Particular/AppData/Local/Programs
/MiKTeX/fonts/type1/public/lm/lmss10.pfb><C:/Users/Particular/AppData/Local/Pro
grams/MiKTeX/fonts/type1/public/lm/lmss17.pfb><C:/Users/Particular/AppData/Loca
l/Programs/MiKTeX/fonts/type1/public/lm/lmss9.pfb><C:/Users/Particular/AppData/
Local/Programs/MiKTeX/fonts/type1/public/lm/lmssbo10.pfb><C:/Users/Particular/A
ppData/Local/Programs/MiKTeX/fonts/type1/public/lm/lmssbx10.pfb><C:/Users/Parti
cular/AppData/Local/Programs/MiKTeX/fonts/type1/public/lm/lmtt10.pfb><C:/Users/
Particular/AppData/Local/Programs/MiKTeX/fonts/type1/public/lm/lmtt12.pfb>
Output written on guia_inst_window.pdf (33 pages, 1503040 bytes).
PDF statistics:
 786 PDF objects out of 1000 (max. 8388607)
 254 named destinations out of 1000 (max. 500000)
 55371 words of extra memory for PDF output out of 61914 (max. 10000000)

