\BOOKMARK [1][-]{section.1}{\376\377\000I\000N\000S\000T\000A\000L\000A\000\307\000\303\000O\000\040\000D\000O\000\040\000A\000M\000B\000I\000E\000N\000T\000E\000\040\000W\000I\000N\000D\000O\000W\000S}{}% 1
\BOOKMARK [2][-]{subsection.1.1}{\376\377\000G\000i\000t\000H\000u\000b\000\040\000e\000\040\000L\000a\000T\000e\000X}{section.1}% 2
\BOOKMARK [2][-]{subsection.1.2}{\376\377\000I\000n\000s\000t\000a\000l\000a\000\347\000\343\000o\000\040\000d\000o\000\040\000W\000S\000L}{section.1}% 3
\BOOKMARK [2][-]{subsection.1.3}{\376\377\000D\000o\000w\000n\000l\000o\000a\000d\000\040\000e\000\040\000i\000n\000s\000t\000a\000l\000a\000\347\000\343\000o\000\040\000d\000a\000\040\000v\000e\000r\000s\000\343\000o\000\040\000Q\000t\000\040\0005\000.\0001\0005\000.\0002}{section.1}% 4
\BOOKMARK [3][-]{subsubsection.1.3.1}{\376\377\000I\000n\000s\000t\000a\000l\000a\000\347\000\343\000o\000\040\000d\000o\000s\000\040\000r\000e\000q\000u\000i\000s\000i\000t\000o\000s\000\040\000d\000e\000\040\000d\000e\000s\000e\000n\000v\000o\000l\000v\000i\000m\000e\000n\000t\000o}{subsection.1.3}% 5
\BOOKMARK [3][-]{subsubsection.1.3.2}{\376\377\000I\000n\000s\000t\000a\000l\000a\000n\000d\000o\000\040\000o\000\040\000a\000m\000b\000i\000e\000n\000t\000e\000\040\000A\000c\000t\000i\000v\000e\000S\000t\000a\000t\000e}{subsection.1.3}% 6
\BOOKMARK [3][-]{subsubsection.1.3.3}{\376\377\000I\000n\000s\000t\000a\000l\000a\000\347\000\343\000o\000\040\000d\000o\000\040\000c\000o\000m\000p\000i\000l\000a\000d\000o\000r\000\040\000C\000+\000+}{subsection.1.3}% 7
\BOOKMARK [3][-]{subsubsection.1.3.4}{\376\377\000I\000n\000s\000t\000a\000l\000a\000\347\000\343\000o\000\040\000d\000o\000\040\000C\000M\000a\000k\000e}{subsection.1.3}% 8
\BOOKMARK [3][-]{subsubsection.1.3.5}{\376\377\000I\000n\000s\000t\000a\000l\000a\000n\000d\000o\000\040\000d\000o\000\040\000G\000i\000t}{subsection.1.3}% 9
\BOOKMARK [3][-]{subsubsection.1.3.6}{\376\377\000C\000o\000n\000s\000t\000r\000u\000i\000n\000d\000o\000\040\000o\000\040\000Q\000t\000\040\0005\000.\0001\0005\000.\0002\000\040\000a\000\040\000p\000a\000r\000t\000i\000r\000\040\000d\000o\000\040\000g\000i\000t}{subsection.1.3}% 10
\BOOKMARK [3][-]{subsubsection.1.3.7}{\376\377\000V\000a\000r\000i\000\341\000v\000e\000i\000s\000\040\000d\000e\000\040\000a\000m\000b\000i\000e\000n\000t\000e\000\040\000d\000o\000\040\000Q\000t\000\040\0005\000.\0001\0005\000.\0002}{subsection.1.3}% 11
\BOOKMARK [2][-]{subsection.1.4}{\376\377\000D\000o\000w\000n\000l\000o\000a\000d\000\040\000e\000\040\000i\000n\000s\000t\000a\000l\000a\000\347\000\343\000o\000\040\000d\000a\000\040\000\372\000l\000t\000i\000m\000a\000\040\000v\000e\000r\000s\000\343\000o\000\040\000O\000p\000e\000n\000s\000o\000u\000r\000c\000e\000\040\000d\000o\000\040\000Q\000t\000\040\000C\000r\000e\000a\000t\000o\000r}{section.1}% 12
\BOOKMARK [2][-]{subsection.1.5}{\376\377\000I\000n\000s\000t\000a\000l\000a\000\347\000\343\000o\000\040\000d\000o\000\040\000V\000i\000s\000u\000a\000l\000\040\000S\000t\000u\000d\000i\000o}{section.1}% 13
\BOOKMARK [2][-]{subsection.1.6}{\376\377\000I\000n\000s\000t\000a\000l\000a\000\347\000\343\000o\000\040\000d\000o\000\040\000M\000o\000n\000g\000o\000D\000B}{section.1}% 14
\BOOKMARK [3][-]{subsubsection.1.6.1}{\376\377\000D\000r\000i\000v\000e\000r\000s\000\040\000d\000e\000\040\000C\000+\000+\000\040\000p\000a\000r\000a\000\040\000M\000o\000n\000g\000o\000D\000B}{subsection.1.6}% 15
\BOOKMARK [3][-]{subsubsection.1.6.2}{\376\377\000C\000o\000n\000f\000i\000g\000u\000r\000a\000r\000\040\000o\000\040\000d\000r\000i\000v\000e\000r}{subsection.1.6}% 16
\BOOKMARK [3][-]{subsubsection.1.6.3}{\376\377\000C\000o\000m\000p\000i\000l\000a\000r\000\040\000o\000\040\000d\000r\000i\000v\000e\000r}{subsection.1.6}% 17
\BOOKMARK [3][-]{subsubsection.1.6.4}{\376\377\000I\000n\000s\000t\000a\000l\000a\000r\000\040\000o\000\040\000d\000r\000i\000v\000e\000r}{subsection.1.6}% 18
\BOOKMARK [3][-]{subsubsection.1.6.5}{\376\377\000C\000r\000i\000a\000\347\000\343\000o\000\040\000d\000e\000\040\000o\000b\000j\000e\000t\000o\000s\000\040\000n\000o\000\040\000M\000o\000n\000g\000o\000D\000B}{subsection.1.6}% 19
\BOOKMARK [2][-]{subsection.1.7}{\376\377\000I\000n\000s\000t\000a\000l\000a\000\347\000\343\000o\000\040\000d\000o\000\040\000V\000T\000K}{section.1}% 20
\BOOKMARK [3][-]{subsubsection.1.7.1}{\376\377\000C\000o\000n\000f\000i\000g\000u\000r\000a\000r\000\040\000o\000\040\000d\000r\000i\000v\000e\000r}{subsection.1.7}% 21
\BOOKMARK [3][-]{subsubsection.1.7.2}{\376\377\000C\000o\000m\000p\000i\000l\000a\000r\000\040\000o\000\040\000d\000r\000i\000v\000e\000r}{subsection.1.7}% 22
\BOOKMARK [3][-]{subsubsection.1.7.3}{\376\377\000I\000n\000s\000t\000a\000l\000a\000r\000\040\000o\000\040\000d\000r\000i\000v\000e\000r}{subsection.1.7}% 23
\BOOKMARK [3][-]{subsubsection.1.7.4}{\376\377\000V\000a\000r\000i\000\341\000v\000e\000i\000s\000\040\000d\000e\000\040\000A\000m\000b\000i\000e\000n\000t\000e\000\040\000d\000o\000\040\000V\000T\000K}{subsection.1.7}% 24
\BOOKMARK [2][-]{subsection.1.8}{\376\377\000I\000n\000s\000t\000a\000l\000a\000\347\000\343\000o\000\040\000d\000o\000\040\000G\000m\000s\000h}{section.1}% 25
\BOOKMARK [3][-]{subsubsection.1.8.1}{\376\377\000C\000o\000n\000f\000i\000g\000u\000r\000a\000r\000\040\000o\000\040\000d\000r\000i\000v\000e\000r}{subsection.1.8}% 26
\BOOKMARK [3][-]{subsubsection.1.8.2}{\376\377\000C\000o\000m\000p\000i\000l\000a\000r\000\040\000o\000\040\000d\000r\000i\000v\000e\000r}{subsection.1.8}% 27
\BOOKMARK [3][-]{subsubsection.1.8.3}{\376\377\000I\000n\000s\000t\000a\000l\000a\000r\000\040\000o\000\040\000d\000r\000i\000v\000e\000r}{subsection.1.8}% 28
\BOOKMARK [3][-]{subsubsection.1.8.4}{\376\377\000V\000a\000r\000i\000\341\000v\000e\000i\000s\000\040\000d\000e\000\040\000A\000m\000b\000i\000e\000n\000t\000e\000\040\000d\000o\000\040\000G\000m\000s\000h}{subsection.1.8}% 29
\BOOKMARK [2][-]{subsection.1.9}{\376\377\000C\000o\000m\000p\000i\000l\000a\000\347\000\343\000o\000\040\000d\000o\000\040\000S\000I\000R\000E\000R\000C}{section.1}% 30
\BOOKMARK [2][-]{subsection.1.10}{\376\377\000C\000r\000i\000a\000\347\000\343\000o\000\040\000d\000o\000\040\000I\000n\000s\000t\000a\000l\000a\000d\000o\000r}{section.1}% 31
